[debug] [2017-12-03T02:24:19.423Z] ----------------------------------------------------------------------
[debug] [2017-12-03T02:24:19.423Z] Command:       C:\Program Files\nodejs\node.exe C:\Users\Jackson\AppData\Roaming\npm\node_modules\firebase-tools\bin\firebase serve
[debug] [2017-12-03T02:24:19.423Z] CLI Version:   3.15.2
[debug] [2017-12-03T02:24:19.423Z] Platform:      win32
[debug] [2017-12-03T02:24:19.423Z] Node Version:  v8.9.1
[debug] [2017-12-03T02:24:19.423Z] Time:          Sat Dec 02 2017 21:24:19 GMT-0500 (Eastern Standard Time)
[debug] [2017-12-03T02:24:19.423Z] ----------------------------------------------------------------------
[debug] 
[debug] [2017-12-03T02:24:19.454Z] > command requires scopes: ["email","openid","https://www.googleapis.com/auth/cloudplatformprojects.readonly","https://www.googleapis.com/auth/firebase","https://www.googleapis.com/auth/cloud-platform"]
[debug] [2017-12-03T02:24:19.454Z] > authorizing via signed-in user
[debug] [2017-12-03T02:24:19.470Z] >>> HTTP REQUEST GET https://admin.firebase.com/v1/projects/myportal-d3b10  
 Sat Dec 02 2017 21:24:19 GMT-0500 (Eastern Standard Time)
[debug] [2017-12-03T02:24:19.855Z] <<< HTTP RESPONSE 200
[debug] [2017-12-03T02:24:19.871Z] >>> HTTP REQUEST GET https://admin.firebase.com/v1/database/myportal-d3b10/tokens  
 Sat Dec 02 2017 21:24:19 GMT-0500 (Eastern Standard Time)
[debug] [2017-12-03T02:24:20.270Z] <<< HTTP RESPONSE 200
[info] 
[info] === Serving from 'C:\Users\Jackson\Desktop\Programming\SpaceWars'...
[info] 
[debug] [2017-12-03T02:24:20.286Z] >>> HTTP REQUEST GET https://cloudresourcemanager.googleapis.com/v1/projects/myportal-d3b10  
 Sat Dec 02 2017 21:24:20 GMT-0500 (Eastern Standard Time)
[debug] [2017-12-03T02:24:20.603Z] <<< HTTP RESPONSE 200
[debug] [2017-12-03T02:24:20.604Z] >>> HTTP REQUEST GET https://mobilesdk-pa.googleapis.com/v1/projects/357058346963/clients/_:getWebAppConfig  
 Sat Dec 02 2017 21:24:20 GMT-0500 (Eastern Standard Time)
[debug] [2017-12-03T02:24:20.987Z] <<< HTTP RESPONSE 200
[info] i  hosting: Serving hosting files from: public
[info] +  hosting: Local server: http://localhost:5000

[info] Shutting down...
